<?xml version="1.0" encoding="UTF-8"?>
<!-- Generated by org.testng.reporters.JUnitReportReporter -->
<testsuite hostname="MSI" failures="0" tests="2" name="com.mavenproject.AppTest" time="0.018" errors="0" timestamp="2022-10-28T14:59:38 IST" skipped="0">
  <testcase classname="com.mavenproject.AppTest" name="testLogin1" time="0.017"/>
  <system-out/>
  <testcase classname="com.mavenproject.AppTest" name="testLogin2" time="0.001"/>
  <system-out/>
</testsuite> <!-- com.mavenproject.AppTest -->
