<?xml version="1.0" encoding="UTF-8"?>
<!-- Generated by org.testng.reporters.JUnitReportReporter -->
<testsuite hostname="MSI" failures="0" tests="1" name="com.mavenproject.NewTest" time="0.001" errors="0" timestamp="2022-10-28T13:31:20 IST" skipped="0">
  <testcase classname="com.mavenproject.NewTest" name="f" time="0.001"/>
  <system-out/>
</testsuite> <!-- com.mavenproject.NewTest -->
